[debug] [2020-05-19T08:28:55.855Z] ----------------------------------------------------------------------
[debug] [2020-05-19T08:28:55.859Z] Command:       C:\Program Files\nodejs\node.exe C:\Users\HP\AppData\Roaming\npm\node_modules\firebase-tools\lib\bin\firebase.js init
[debug] [2020-05-19T08:28:55.860Z] CLI Version:   8.2.0
[debug] [2020-05-19T08:28:55.860Z] Platform:      win32
[debug] [2020-05-19T08:28:55.860Z] Node Version:  v12.16.2
[debug] [2020-05-19T08:28:55.863Z] Time:          Tue May 19 2020 12:28:55 GMT+0400 (Gulf Standard Time)
[debug] [2020-05-19T08:28:55.863Z] ----------------------------------------------------------------------
[debug] [2020-05-19T08:28:55.864Z] 
[debug] [2020-05-19T08:28:55.888Z] > command requires scopes: ["email","openid","https://www.googleapis.com/auth/cloudplatformprojects.readonly","https://www.googleapis.com/auth/firebase","https://www.googleapis.com/auth/cloud-platform"]
[debug] [2020-05-19T08:28:55.889Z] > authorizing via signed-in user
[info] 
     ######## #### ########  ######## ########     ###     ######  ########
     ##        ##  ##     ## ##       ##     ##  ##   ##  ##       ##
     ######    ##  ########  ######   ########  #########  ######  ######
     ##        ##  ##    ##  ##       ##     ## ##     ##       ## ##
     ##       #### ##     ## ######## ########  ##     ##  ######  ########

You're about to initialize a Firebase project in this directory:

  D:\Refferor\referror

Before we get started, keep in mind:

  * You are initializing in an existing Firebase project directory

